{отвод=15,50}
{стрелка=150,100}
{масштаб=80,220}

{шрифт=Times New Roman,13}
{45,5}Приложение к Акту соглаcования границ земельного участка
{90,35}СХЕМА
{75,45}границ земельного участка
{15,230}Описание смежеств:
{15,260}Исполнитель работ:
{шрифт=Times New Roman,9}
{90,15}(кадастровый номер)
{93,25}(местоположение)
{55,275}(подпись)
{95,275}(Ф.И.О.)
{135,275}(дата)
{шрифт=Times New Roman,13}
{93,10}Отсутствует
{линия=15,240,165,240}
{линия=15,248,165,248}
{линия=15,256,165,256}
{линия=45,15,165,15}
{линия=45,25,165,25}
{линия=50,275,80,275}
{линия=90,275,115,275}
{линия=130,275,155,275}