{координаты=20,120,55}
{шрифт=Arial,10,жирный,наклонный}
{120, 5}{номенклатура}
{шрифт=Arial,20}
{90,10}План
{шрифт=Times New Roman,12}

{20,20}земельного участка по
{шрифт=Times New Roman,12,жирный,наклонный}
{65,20}{адрес}
{шрифт=}
{шрифт=Times New Roman,12}
{20,27}отведенного
{шрифт=Times New Roman,12,жирный,наклонный}
{45,27}{владелец}
{шрифт=}
{шрифт=Times New Roman,12}
{20,41}в
{шрифт=Times New Roman,12,жирный,наклонный}
{24,41}{форма собственности}
{шрифт=}
{шрифт=Times New Roman,12}
{72,41}на
{шрифт=Times New Roman,12,жирный,наклонный}
{82,41}{срок аренды}
{шрифт=}
{шрифт=Times New Roman,12}
{88,41}лет
{шрифт=Times New Roman,12}

{шрифт=}
{шрифт=Times New Roman,12}
{20,48}на основании
{шрифт=Times New Roman,12,жирный,наклонный}
{20,55}{постановления}
{шрифт=}
{шрифт=Times New Roman,12}
{40,76}Площадь участка
{шрифт=Times New Roman,12,жирный,наклонный}
{75,76}{площадь}
{шрифт=}
{шрифт=Times New Roman,12}
{40,97}Границы участка обведены красным
{26,210}УТВЕРЖДАЮ
{20,216}Председатель комитета главного архитектора
{140,216}А.П.Бородецкий
{20,220}г.Воронежа
{20,229}Директор МП г.Воронежа
{20,233}"Управление главного архитектора"
{140,233}Т.Т.Яковлева
{20,243}Начальник отдела
{20,247}топо - геодезических работ
{140,247}А.Я.Холошин
{20,253}Отвод произвел
{шрифт=Times New Roman,12,жирный,наклонный}
{52,253}{Дата отвода}
{шрифт=}
{шрифт=Times New Roman,12}
{20,257}геодезист
{140,257}{Геодезист}
{20,267}Постановление подготовил
{140,267}{Постановление подготовил}
{шрифт=Times New Roman,12}
{20,274}Границы отведенного участка принял: