{шрифт=Times New Roman,20}
{65,10}План земельного участка
{шрифт=Times New Roman,12}
{20,20}Адрес:
{35,20}{адрес}
{20,25}Категория земель: земли поселений
{20,30}Целевое использование:
{65,30}{целевое использование}
{20,35}{владелец}
{20,40}Основание:
{шрифт=Times New Roman,12}
{42,40}{постановления}
{шрифт=Times New Roman,12}
{20,45}Площадь участка
{55,45}{площадь}
{20,50}Границы участка обведены красным

{масштаб=20,55}
{отвод=20,60}
{координаты=20,150,70}

{20,230}План изготовлен с использованием
{20,235}результатов полевого координирования
{20,240}фактических границ участка
{120,230}План действителен для регистрации
{120,235}прав на строение
{20,250}Начальник отдела
{20,255}_____________ Т.В. Тычинина
{20,265}Отвод участка произвел и
{20,270}план составил: