{координаты=40,80,55}
{шрифт=Arial,20}
{60,10}План земельного участка
{шрифт=Times New Roman,12}
{20,20}Предоставленного в аренду
{шрифт=Times New Roman,12,жирный,наклонный}
{80,20}{владелец}
{шрифт=}

{шрифт=Times New Roman,12}
{20,30}Местонахождение участка:
{шрифт=Times New Roman,12,жирный,наклонный}
{70,30}{адрес}
{шрифт=}

{шрифт=Times New Roman,12}
{20,35}Целевое использование:
*{20,41}в
{шрифт=Times New Roman,12,жирный,наклонный}
{20,40}{целевое использование}
{шрифт=}
{шрифт=Times New Roman,12}
{20,45}Площадь участка
{шрифт=Times New Roman,12,жирный,наклонный}
{55,45}{площадь}
{шрифт=}
{шрифт=Times New Roman,12}
{95,45}Масштаб 1:500
*{24,41}{форма собственности}
{шрифт=}
{шрифт=Times New Roman,12}
*{72,41}на
{шрифт=Times New Roman,12,жирный,наклонный}
*{82,41}{срок аренды}
{шрифт=}
{шрифт=Times New Roman,12}
*{88,41}лет
{шрифт=Times New Roman,12}

{шрифт=Times New Roman,12}
*{20,48}на основании Постановления Администрации г. Воронежа
{шрифт=Times New Roman,12,жирный,наклонный}
*{20,55}{постановления}
{шрифт=}

{шрифт=}
{шрифт=Times New Roman,12}
{40,200}Границы участка обведены красным
{40,204}План изготовлен с использованием
{40,208}картографического материала МП г.Воронежа "УГА"
{40,212}и фактических обмеров
*{26,220}УТВЕРЖДАЮ
*{20,216}Главный художник города
*{140,216}Е.М.Барсуков
*{20,220}г.Воронежа
{20,230}Директор МП г.Воронежа
{20,234}"Управление главного архитектора"
{140,234}Т.Т.Яковлева
{20,243}Начальник отдела
{20,247}индивидуальной застройки
{140,247}Т.В.Тычинина
{20,253}Исполнитель
{140,253}{исполнители}
{20,263}{дата отвода}
{шрифт=Times New Roman,12,жирный,наклонный}
*{52,253}{Дата отвода}
{шрифт=}
{шрифт=Times New Roman,12}
*{20,257}геодезист
*{20,267}Постановление подготовил
{шрифт=Times New Roman,12}
{20,274}Границы земельного участка принял: