{шрифт=Times New Roman,20}
{65,10}План земельного участка
{шрифт=Times New Roman,12}
{20,20}Адрес:
{35,20}{адрес}
{20,25}Категория земель: земли поселений
{20,30}Целевое использование:
{65,30}{целевое использование}
{шрифт=Times New Roman,12}
{20,35}Площадь участка
{55,35}{площадь}

{масштаб=20,40}
{отвод=20,60}
{координаты=20,150,70}

{20,230}План изготовлен с использованием
{20,235}результатов полевого координирования
{20,240}фактических границ участка
{40,250}Начальник отдела
{140,250}Т.В.Тычинина
{40,260}План составил
{40,265}геодезист
{140,265}{исполнители}