{отвод=15,100}
{стрелка=150,100}
{масштаб=80,275}

{шрифт=Times New Roman,13}
{25,5}Неотъемлемой   частью   акта   являются   план   земельного  участка  или  чертеж
{15,10}границ.  Дальнейшая  ответсвенность  за  сохранность  граничных  знаков  и состояние
{15,15}участка лежит на застройщике.
{25,20}Настоящий акт составлен в 6 экземплярах.
{15,25}1-й экз. - заказчику
{15,30}2-й экз. - подрядная организация
{15,35}3-й экз. - комитет по земельным ресурсам и землеустройству города
{15,40}4-й экземпляр - УГА города
{15,45}5, 6-й экземпляры - ФГУ ЗКП
{15,60}М.П.    Сдал              инженер-геодезист
{160,60}{геодезист}
{15,75}М.П.    Принял
{шрифт=Times New Roman,9}
{55,65}(должность,Ф.И.О.,подпись)
{55,80}(должность,Ф.И.О.,подпись)
{линия=40,65,130,65}
{линия=45,80,130,80}