{отвод=20,110}
{стрелка=180,110}
{координаты=20,90,70}
{масштаб=40,70}

{шрифт=Times New Roman,20,жирный}
{90,10}ПЛАН
{шрифт=}
{шрифт=Times New Roman,12}
{40,20}земельного участка по
{шрифт=Times New Roman,12,жирный,наклонный}
{90,20}{адрес}
{шрифт=}
{шрифт=Times New Roman,12}
{40,25}Землепользователь
{шрифт=Times New Roman,12,жирный,наклонный}
{90,25}{владелец}
{шрифт=}
{шрифт=Times New Roman,12}
{40,30}Целевое использование:
{шрифт=Times New Roman,12,жирный,наклонный}
{90,30}{целевое использование}
{шрифт=}
{шрифт=Times New Roman,12}
{40,45}Площадь временного сооружения
{шрифт=Times New Roman,12,жирный,наклонный}
{100,45}{площадь временного сооружения}
{шрифт=}
{шрифт=Times New Roman,12}
{40,50}Площадь благоустройства
{шрифт=Times New Roman,12,жирный,наклонный}
{90,50}{площадь благоустройства}
{шрифт=}
{шрифт=Times New Roman,12}
{40,55}Общая площадь земельного участка,
{40,60}предоставляемого для заключения
{40,65}договора аренды
{шрифт=Times New Roman,12,жирный,наклонный}
{90,65}{площадь}
{90,70}{номенклатура}
{шрифт=}
{шрифт=Times New Roman,12}
{40,220}Границы участка обведены красным
{70,230}УТВЕРЖДАЮ
{40,240}Директор МП г.Воронежа
{40,245}"Управление главного архитектора"
{140,250}Т.Т.Яковлева
{40,260}Начальник отдела ПДТ
{140,260}Н.Н.Болкунова
{40,270}Исполнитель
{шрифт=Times New Roman,12,жирный,наклонный}
{140,270}{геодезист}
{шрифт=}




