{шрифт=Times New Roman,12}
{20,35}Адрес:
{35,35}{Адрес}
{20,45}индивидуальное жилищное строительство
{20,50}Площадь:
{40,50}{Площадь}
{20,260}Исполнитель
{70,260}{исполнители}

{шрифт=Times New Roman,9}
{120,250}Начальник отдела
{120,255}индивидуальной застройки МП г.Воронежа "УГА"
{шрифт=Times New Roman,12}
{155,265}Т.В. Тычинина
{120,270}"____"________________ 200__ г.
{шрифт=Times New Roman,12}

{масштаб=120,70}
{отвод=50,85}
{координаты=20,180,70}

{шрифт=Times New Roman,20,ПОДЧЕРКНУТЫЙ}
{45,21}Проект границ земельного участка
{шрифт=Times New Roman,12}