{отвод=20,140}
{стрелка=180,140}
{координаты=20,60,70}
{масштаб=80,275}

{шрифт=Times New Roman,20}
{80,10}План отвода
{шрифт=Times New Roman,12}
{170,10}{Текущая дата}
{150,10}{текущая дата прописью}
{20,20}Адрес:
{35,20}{адрес}
{20,25}{целевое использование}
{20,30}Площадь:
{40,30}{площадь}
{20,35}Номер постановления:
{65,35}{номер постановления}
{90,35}Дата постановления:
{130,35}{дата постановления прописью}
{20,40}Заказчик:
{40,40}{владелец}
{20,45}Номер отвода:
{50,45}{номер отвода}
{90,45}Дата отвода:
{115,45}{дата отвода прописью}
{20,50}Исполнители:
{50,50}{исполнители}