{шрифт=Times New Roman,12}
{65,10}ПЛАН ЗЕМЕЛЬНОГО УЧАСТКА

{шрифт=Times New Roman,12,жирный}
{70,15}Предоставленного в аренду
{шрифт=}
{шрифт=Times New Roman,12}
{20,20}{Владелец}
{20,25}Категория земель: земли поселений
{20,30}Целевое использование:
*{шрифт=Times New Roman,10}
{70,30}{Целевое использование}
*{шрифт=Times New Roman,12}
{20,35}Место нахождения участка:
{75,35}{Адрес}
{40,40}Масштаб 1:500
{100,40}Площадь участка:
{шрифт=Times New Roman,12,жирный}
{135,40}{Площадь}
{шрифт=}
{шрифт=Times New Roman,10}

{отвод=20,140}
{Координаты=20,150,20}

{20,200}Границы участка обведены красным
{20,205}План изготовлен с использованием
{20,210}картографического материала МП "УГА" г.Воронежа
{20,215}и фактических обмеров

{20,230}Директор МП г.Воронежа
{20,235}"Управление главного архитектора"
{160,235}Т.Т.Яковлева
{20,245}Начальник отдела топо - геодезических работ
{160,245}А.Я.Холошин
{20,255}Исполнитель
{160,255}{Исполнители}
{20,265}Границы земельного участка принял:
{20,275}{Текущая дата}
